0 info it worked if it ends with ok
1 verbose cli [ 'C:\\Program Files\\nodejs\\node.exe',
1 verbose cli   'C:\\Program Files\\nodejs\\node_modules\\npm\\bin\\npm-cli.js',
1 verbose cli   'run',
1 verbose cli   'compile:sass' ]
2 info using npm@3.10.10
3 info using node@v6.11.5
4 verbose run-script [ 'precompile:sass', 'compile:sass', 'postcompile:sass' ]
5 info lifecycle natours@1.0.0~precompile:sass: natours@1.0.0
6 silly lifecycle natours@1.0.0~precompile:sass: no script for precompile:sass, continuing
7 info lifecycle natours@1.0.0~compile:sass: natours@1.0.0
8 verbose lifecycle natours@1.0.0~compile:sass: unsafe-perm in lifecycle true
9 verbose lifecycle natours@1.0.0~compile:sass: PATH: C:\Program Files\nodejs\node_modules\npm\bin\node-gyp-bin;C:\Users\sherry\Desktop\NatourWebApp\node_modules\.bin;C:\WINDOWS\system32;C:\WINDOWS;C:\WINDOWS\System32\Wbem;C:\WINDOWS\System32\WindowsPowerShell\v1.0\;C:\Program Files (x86)\Common Files\lenovo\easyplussdk\bin;C:\Program Files (x86)\ATI Technologies\ATI.ACE\Core-Static;C:\Program Files\Microsoft SQL Server\130\Tools\Binn\;C:\Program Files (x86)\MySQL\MySQL Fabric 1.5 & MySQL Utilities 1.5\;C:\Program Files (x86)\MySQL\MySQL Fabric 1.5 & MySQL Utilities 1.5\Doctrine extensions for PHP\;C:\Program Files\Microsoft\Web Platform Installer\;C:\Program Files\Microsoft SQL Server\120\Tools\Binn\;C:\Program Files (x86)\Microsoft SQL Server\110\DTS\Binn\;C:\Program Files (x86)\Microsoft SQL Server\120\DTS\Binn\;C:\Program Files (x86)\Microsoft SQL Server\130\DTS\Binn\;C:\Program Files\dotnet\;C:\Program Files (x86)\GtkSharp\2.12\bin;C:\Program Files (x86)\Brackets\command;C:\Program Files\nodejs\;C:\Program Files\Git\cmd;C:\WINDOWS\System32\OpenSSH\;C:\WINDOWS\system32\config\systemprofile\AppData\Local\Microsoft\WindowsApps;C:\Users\sherry\AppData\Local\Programs\Python\Python36-32\Scripts\;C:\Users\sherry\AppData\Local\Programs\Python\Python36-32\;C:\Ruby23-x64\bin;C:\Users\sherry\AppData\Local\Microsoft\WindowsApps;C:\Users\sherry\AppData\Roaming\npm;C:\Users\sherry\AppData\Local\atom\bin;C:\Users\sherry\Miniconda3\Scripts\;%USERPROFILE%\AppData\Local\Microsoft\WindowsApps
10 verbose lifecycle natours@1.0.0~compile:sass: CWD: C:\Users\sherry\Desktop\NatourWebApp
11 silly lifecycle natours@1.0.0~compile:sass: Args: [ '/d /s /c', 'node-sass sass/main.scss css/style.css -w' ]
12 silly lifecycle natours@1.0.0~compile:sass: Returned: code: 3221225786  signal: null
13 info lifecycle natours@1.0.0~compile:sass: Failed to exec compile:sass script
14 verbose stack Error: natours@1.0.0 compile:sass: `node-sass sass/main.scss css/style.css -w`
14 verbose stack Exit status 3221225786
14 verbose stack     at EventEmitter.<anonymous> (C:\Program Files\nodejs\node_modules\npm\lib\utils\lifecycle.js:255:16)
14 verbose stack     at emitTwo (events.js:106:13)
14 verbose stack     at EventEmitter.emit (events.js:191:7)
14 verbose stack     at ChildProcess.<anonymous> (C:\Program Files\nodejs\node_modules\npm\lib\utils\spawn.js:40:14)
14 verbose stack     at emitTwo (events.js:106:13)
14 verbose stack     at ChildProcess.emit (events.js:191:7)
14 verbose stack     at maybeClose (internal/child_process.js:920:16)
14 verbose stack     at Process.ChildProcess._handle.onexit (internal/child_process.js:230:5)
15 verbose pkgid natours@1.0.0
16 verbose cwd C:\Users\sherry\Desktop\NatourWebApp\sass
17 error Windows_NT 10.0.17134
18 error argv "C:\\Program Files\\nodejs\\node.exe" "C:\\Program Files\\nodejs\\node_modules\\npm\\bin\\npm-cli.js" "run" "compile:sass"
19 error node v6.11.5
20 error npm  v3.10.10
21 error code ELIFECYCLE
22 error natours@1.0.0 compile:sass: `node-sass sass/main.scss css/style.css -w`
22 error Exit status 3221225786
23 error Failed at the natours@1.0.0 compile:sass script 'node-sass sass/main.scss css/style.css -w'.
23 error Make sure you have the latest version of node.js and npm installed.
23 error If you do, this is most likely a problem with the natours package,
23 error not with npm itself.
23 error Tell the author that this fails on your system:
23 error     node-sass sass/main.scss css/style.css -w
23 error You can get information on how to open an issue for this project with:
23 error     npm bugs natours
23 error Or if that isn't available, you can get their info via:
23 error     npm owner ls natours
23 error There is likely additional logging output above.
24 verbose exit [ 1, true ]
